CRITICAL - 2023-10-04 14:29:38 --> Undefined variable $items
in APPPATH\Views\prodFile\nav.php on line 230.
 1 APPPATH\Views\prodFile\nav.php(230): CodeIgniter\Debug\Exceptions->errorHandler(2, 'Undefined variable $items', 'C:\\laragon\\www\\ECOM\\app\\Views\\prodFile\\nav.php', 230)
 2 SYSTEMPATH\View\View.php(226): include('C:\\laragon\\www\\ECOM\\app\\Views\\prodFile\\nav.php')
 3 SYSTEMPATH\View\View.php(229): CodeIgniter\View\View->CodeIgniter\View\{closure}()
 4 SYSTEMPATH\Common.php(1188): CodeIgniter\View\View->render('/prodFile/nav', [], true)
 5 APPPATH\Views\productDetails.php(8): view('/prodFile/nav')
 6 SYSTEMPATH\View\View.php(226): include('C:\\laragon\\www\\ECOM\\app\\Views\\productDetails.php')
 7 SYSTEMPATH\View\View.php(229): CodeIgniter\View\View->CodeIgniter\View\{closure}()
 8 SYSTEMPATH\Common.php(1188): CodeIgniter\View\View->render('productDetails', [], true)
 9 APPPATH\Controllers\ProductController.php(23): view('productDetails', [...])
10 SYSTEMPATH\CodeIgniter.php(919): App\Controllers\ProductController->productDetails('1')
11 SYSTEMPATH\CodeIgniter.php(494): CodeIgniter\CodeIgniter->runController(Object(App\Controllers\ProductController))
12 SYSTEMPATH\CodeIgniter.php(353): CodeIgniter\CodeIgniter->handleRequest(null, Object(Config\Cache), false)
13 FCPATH\index.php(79): CodeIgniter\CodeIgniter->run()
14 SYSTEMPATH\Commands\Server\rewrite.php(47): require_once('C:\\laragon\\www\\ECOM\\public\\index.php')
CRITICAL - 2023-10-04 14:39:15 --> Undefined variable $items
in APPPATH\Views\prodFile\nav.php on line 230.
 1 APPPATH\Views\prodFile\nav.php(230): CodeIgniter\Debug\Exceptions->errorHandler(2, 'Undefined variable $items', 'C:\\laragon\\www\\ECOM\\app\\Views\\prodFile\\nav.php', 230)
 2 SYSTEMPATH\View\View.php(226): include('C:\\laragon\\www\\ECOM\\app\\Views\\prodFile\\nav.php')
 3 SYSTEMPATH\View\View.php(229): CodeIgniter\View\View->CodeIgniter\View\{closure}()
 4 SYSTEMPATH\Common.php(1188): CodeIgniter\View\View->render('/prodFile/nav', [], true)
 5 APPPATH\Views\productDetails.php(8): view('/prodFile/nav')
 6 SYSTEMPATH\View\View.php(226): include('C:\\laragon\\www\\ECOM\\app\\Views\\productDetails.php')
 7 SYSTEMPATH\View\View.php(229): CodeIgniter\View\View->CodeIgniter\View\{closure}()
 8 SYSTEMPATH\Common.php(1188): CodeIgniter\View\View->render('productDetails', [], true)
 9 APPPATH\Controllers\ProductController.php(23): view('productDetails', [...])
10 SYSTEMPATH\CodeIgniter.php(919): App\Controllers\ProductController->productDetails('1')
11 SYSTEMPATH\CodeIgniter.php(494): CodeIgniter\CodeIgniter->runController(Object(App\Controllers\ProductController))
12 SYSTEMPATH\CodeIgniter.php(353): CodeIgniter\CodeIgniter->handleRequest(null, Object(Config\Cache), false)
13 FCPATH\index.php(79): CodeIgniter\CodeIgniter->run()
14 SYSTEMPATH\Commands\Server\rewrite.php(47): require_once('C:\\laragon\\www\\ECOM\\public\\index.php')
CRITICAL - 2023-10-04 14:45:38 --> Undefined variable $items
in APPPATH\Views\prodFile\nav.php on line 230.
 1 APPPATH\Views\prodFile\nav.php(230): CodeIgniter\Debug\Exceptions->errorHandler(2, 'Undefined variable $items', 'C:\\laragon\\www\\ECOM\\app\\Views\\prodFile\\nav.php', 230)
 2 SYSTEMPATH\View\View.php(226): include('C:\\laragon\\www\\ECOM\\app\\Views\\prodFile\\nav.php')
 3 SYSTEMPATH\View\View.php(229): CodeIgniter\View\View->CodeIgniter\View\{closure}()
 4 SYSTEMPATH\Common.php(1188): CodeIgniter\View\View->render('/prodFile/nav', [], true)
 5 APPPATH\Views\productDetails.php(8): view('/prodFile/nav')
 6 SYSTEMPATH\View\View.php(226): include('C:\\laragon\\www\\ECOM\\app\\Views\\productDetails.php')
 7 SYSTEMPATH\View\View.php(229): CodeIgniter\View\View->CodeIgniter\View\{closure}()
 8 SYSTEMPATH\Common.php(1188): CodeIgniter\View\View->render('productDetails', [], true)
 9 APPPATH\Controllers\ProductController.php(23): view('productDetails', [...])
10 SYSTEMPATH\CodeIgniter.php(919): App\Controllers\ProductController->productDetails('1')
11 SYSTEMPATH\CodeIgniter.php(494): CodeIgniter\CodeIgniter->runController(Object(App\Controllers\ProductController))
12 SYSTEMPATH\CodeIgniter.php(353): CodeIgniter\CodeIgniter->handleRequest(null, Object(Config\Cache), false)
13 FCPATH\index.php(79): CodeIgniter\CodeIgniter->run()
14 SYSTEMPATH\Commands\Server\rewrite.php(47): require_once('C:\\laragon\\www\\ECOM\\public\\index.php')
CRITICAL - 2023-10-04 14:49:01 --> Undefined variable $items
in APPPATH\Views\prodFile\nav.php on line 230.
 1 APPPATH\Views\prodFile\nav.php(230): CodeIgniter\Debug\Exceptions->errorHandler(2, 'Undefined variable $items', 'C:\\laragon\\www\\ECOM\\app\\Views\\prodFile\\nav.php', 230)
 2 SYSTEMPATH\View\View.php(226): include('C:\\laragon\\www\\ECOM\\app\\Views\\prodFile\\nav.php')
 3 SYSTEMPATH\View\View.php(229): CodeIgniter\View\View->CodeIgniter\View\{closure}()
 4 SYSTEMPATH\Common.php(1188): CodeIgniter\View\View->render('/prodFile/nav', [], true)
 5 APPPATH\Views\productDetails.php(8): view('/prodFile/nav')
 6 SYSTEMPATH\View\View.php(226): include('C:\\laragon\\www\\ECOM\\app\\Views\\productDetails.php')
 7 SYSTEMPATH\View\View.php(229): CodeIgniter\View\View->CodeIgniter\View\{closure}()
 8 SYSTEMPATH\Common.php(1188): CodeIgniter\View\View->render('productDetails', [], true)
 9 APPPATH\Controllers\ProductController.php(23): view('productDetails', [...])
10 SYSTEMPATH\CodeIgniter.php(919): App\Controllers\ProductController->productDetails('1')
11 SYSTEMPATH\CodeIgniter.php(494): CodeIgniter\CodeIgniter->runController(Object(App\Controllers\ProductController))
12 SYSTEMPATH\CodeIgniter.php(353): CodeIgniter\CodeIgniter->handleRequest(null, Object(Config\Cache), false)
13 FCPATH\index.php(79): CodeIgniter\CodeIgniter->run()
14 SYSTEMPATH\Commands\Server\rewrite.php(47): require_once('C:\\laragon\\www\\ECOM\\public\\index.php')
CRITICAL - 2023-10-04 14:49:06 --> Undefined variable $items
in APPPATH\Views\prodFile\nav.php on line 230.
 1 APPPATH\Views\prodFile\nav.php(230): CodeIgniter\Debug\Exceptions->errorHandler(2, 'Undefined variable $items', 'C:\\laragon\\www\\ECOM\\app\\Views\\prodFile\\nav.php', 230)
 2 SYSTEMPATH\View\View.php(226): include('C:\\laragon\\www\\ECOM\\app\\Views\\prodFile\\nav.php')
 3 SYSTEMPATH\View\View.php(229): CodeIgniter\View\View->CodeIgniter\View\{closure}()
 4 SYSTEMPATH\Common.php(1188): CodeIgniter\View\View->render('/prodFile/nav', [], true)
 5 APPPATH\Views\productDetails.php(8): view('/prodFile/nav')
 6 SYSTEMPATH\View\View.php(226): include('C:\\laragon\\www\\ECOM\\app\\Views\\productDetails.php')
 7 SYSTEMPATH\View\View.php(229): CodeIgniter\View\View->CodeIgniter\View\{closure}()
 8 SYSTEMPATH\Common.php(1188): CodeIgniter\View\View->render('productDetails', [], true)
 9 APPPATH\Controllers\ProductController.php(23): view('productDetails', [...])
10 SYSTEMPATH\CodeIgniter.php(919): App\Controllers\ProductController->productDetails('1')
11 SYSTEMPATH\CodeIgniter.php(494): CodeIgniter\CodeIgniter->runController(Object(App\Controllers\ProductController))
12 SYSTEMPATH\CodeIgniter.php(353): CodeIgniter\CodeIgniter->handleRequest(null, Object(Config\Cache), false)
13 FCPATH\index.php(79): CodeIgniter\CodeIgniter->run()
14 SYSTEMPATH\Commands\Server\rewrite.php(47): require_once('C:\\laragon\\www\\ECOM\\public\\index.php')
CRITICAL - 2023-10-04 14:49:40 --> Undefined variable $items
in APPPATH\Views\prodFile\nav.php on line 230.
 1 APPPATH\Views\prodFile\nav.php(230): CodeIgniter\Debug\Exceptions->errorHandler(2, 'Undefined variable $items', 'C:\\laragon\\www\\ECOM\\app\\Views\\prodFile\\nav.php', 230)
 2 SYSTEMPATH\View\View.php(226): include('C:\\laragon\\www\\ECOM\\app\\Views\\prodFile\\nav.php')
 3 SYSTEMPATH\View\View.php(229): CodeIgniter\View\View->CodeIgniter\View\{closure}()
 4 SYSTEMPATH\Common.php(1188): CodeIgniter\View\View->render('/prodFile/nav', [], true)
 5 APPPATH\Views\productDetails.php(8): view('/prodFile/nav')
 6 SYSTEMPATH\View\View.php(226): include('C:\\laragon\\www\\ECOM\\app\\Views\\productDetails.php')
 7 SYSTEMPATH\View\View.php(229): CodeIgniter\View\View->CodeIgniter\View\{closure}()
 8 SYSTEMPATH\Common.php(1188): CodeIgniter\View\View->render('productDetails', [], true)
 9 APPPATH\Controllers\ProductController.php(23): view('productDetails', [...])
10 SYSTEMPATH\CodeIgniter.php(919): App\Controllers\ProductController->productDetails('1')
11 SYSTEMPATH\CodeIgniter.php(494): CodeIgniter\CodeIgniter->runController(Object(App\Controllers\ProductController))
12 SYSTEMPATH\CodeIgniter.php(353): CodeIgniter\CodeIgniter->handleRequest(null, Object(Config\Cache), false)
13 FCPATH\index.php(79): CodeIgniter\CodeIgniter->run()
14 SYSTEMPATH\Commands\Server\rewrite.php(47): require_once('C:\\laragon\\www\\ECOM\\public\\index.php')
